<?xml version="1.0" encoding="UTF-8"?>
<!-- Generated by org.testng.reporters.JUnitXMLReporter -->
<testsuite ignored="0" hostname="Sammy" failures="0" tests="5" name="SeleniumBasics" time="64.767" errors="0" timestamp="2025-08-06T11:08:18 IST">
  <testcase classname="org.seleniumBasics.Hello" name="main" time="10.417"/>
  <testcase classname="org.seleniumBasics.Hello" name="main" time="7.519"/>
  <testcase classname="org.seleniumBasics.Hello" name="main" time="14.558"/>
  <testcase classname="org.seleniumBasics.Hello" name="main" time="21.697"/>
  <testcase classname="org.seleniumBasics.Hello" name="main" time="10.5"/>
</testsuite> <!-- SeleniumBasics -->
