<?xml version="1.0" encoding="UTF-8"?>
<!-- Generated by org.testng.reporters.JUnitReportReporter -->
<testsuite hostname="Sammy" failures="0" tests="5" name="org.seleniumBasics.Hello" time="64.691" errors="0" timestamp="2025-08-06T11:08:19 IST" skipped="0">
  <testcase classname="org.seleniumBasics.Hello" name="main" time="21.697"/>
  <testcase classname="org.seleniumBasics.Hello" name="main" time="7.519"/>
  <testcase classname="org.seleniumBasics.Hello" name="main" time="10.500"/>
  <testcase classname="org.seleniumBasics.Hello" name="main" time="14.558"/>
  <testcase classname="org.seleniumBasics.Hello" name="main" time="10.417"/>
</testsuite> <!-- org.seleniumBasics.Hello -->
